# JRE version: 7.0_25-b17
# Java VM: Java HotSpot(TM) 64-Bit Server VM (23.25-b01 mixed mode windows-amd64 compressed oops)
Heap
 PSYoungGen      total 42432K, used 32289K [0x00000000eb4b0000, 0x00000000ee290000, 0x0000000100000000)
  eden space 41728K, 77% used [0x00000000eb4b0000,0x00000000ed420468,0x00000000edd70000)
  from space 704K, 13% used [0x00000000ee1e0000,0x00000000ee1f8000,0x00000000ee290000)
  to   space 2624K, 0% used [0x00000000edd70000,0x00000000edd70000,0x00000000ee000000)
 ParOldGen       total 63040K, used 29640K [0x00000000c1e00000, 0x00000000c5b90000, 0x00000000eb4b0000)
  object space 63040K, 47% used [0x00000000c1e00000,0x00000000c3af22e0,0x00000000c5b90000)
 PSPermGen       total 21248K, used 11879K [0x00000000bcc00000, 0x00000000be0c0000, 0x00000000c1e00000)
  object space 21248K, 55% used [0x00000000bcc00000,0x00000000bd799df8,0x00000000be0c0000)
GC Heap History (10 events):
Event: 0.777 GC heap before
{Heap before GC invocations=1 (full 0):
 PSYoungGen      total 18560K, used 15936K [0x00000000eb4b0000, 0x00000000ec960000, 0x0000000100000000)
  eden space 15936K, 100% used [0x00000000eb4b0000,0x00000000ec440000,0x00000000ec440000)
  from space 2624K, 0% used [0x00000000ec6d0000,0x00000000ec6d0000,0x00000000ec960000)
  to   space 2624K, 0% used [0x00000000ec440000,0x00000000ec440000,0x00000000ec6d0000)
 ParOldGen       total 42432K, used 0K [0x00000000c1e00000, 0x00000000c4770000, 0x00000000eb4b0000)
  object space 42432K, 0% used [0x00000000c1e00000,0x00000000c1e00000,0x00000000c4770000)
 PSPermGen       total 21248K, used 9782K [0x00000000bcc00000, 0x00000000be0c0000, 0x00000000c1e00000)
  object space 21248K, 46% used [0x00000000bcc00000,0x00000000bd58d9e0,0x00000000be0c0000)
Event: 0.787 GC heap after
Heap after GC invocations=1 (full 0):
 PSYoungGen      total 18560K, used 2608K [0x00000000eb4b0000, 0x00000000ed8f0000, 0x0000000100000000)
  eden space 15936K, 0% used [0x00000000eb4b0000,0x00000000eb4b0000,0x00000000ec440000)
  from space 2624K, 99% used [0x00000000ec440000,0x00000000ec6cc300,0x00000000ec6d0000)
  to   space 2624K, 0% used [0x00000000ed660000,0x00000000ed660000,0x00000000ed8f0000)
 ParOldGen       total 42432K, used 21204K [0x00000000c1e00000, 0x00000000c4770000, 0x00000000eb4b0000)
  object space 42432K, 49% used [0x00000000c1e00000,0x00000000c32b5080,0x00000000c4770000)
 PSPermGen       total 21248K, used 9782K [0x00000000bcc00000, 0x00000000be0c0000, 0x00000000c1e00000)
  object space 21248K, 46% used [0x00000000bcc00000,0x00000000bd58d9e0,0x00000000be0c0000)
}
Event: 0.973 GC heap before
{Heap before GC invocations=2 (full 0):
 PSYoungGen      total 18560K, used 12683K [0x00000000eb4b0000, 0x00000000ed8f0000, 0x0000000100000000)
  eden space 15936K, 63% used [0x00000000eb4b0000,0x00000000ebe869d8,0x00000000ec440000)
  from space 2624K, 99% used [0x00000000ec440000,0x00000000ec6cc300,0x00000000ec6d0000)
  to   space 2624K, 0% used [0x00000000ed660000,0x00000000ed660000,0x00000000ed8f0000)
 ParOldGen       total 42432K, used 21204K [0x00000000c1e00000, 0x00000000c4770000, 0x00000000eb4b0000)
  object space 42432K, 49% used [0x00000000c1e00000,0x00000000c32b5080,0x00000000c4770000)
 PSPermGen       total 21248K, used 9987K [0x00000000bcc00000, 0x00000000be0c0000, 0x00000000c1e00000)
  object space 21248K, 47% used [0x00000000bcc00000,0x00000000bd5c0eb8,0x00000000be0c0000)
Event: 0.976 GC heap after
Heap after GC invocations=2 (full 0):
 PSYoungGen      total 34496K, used 2615K [0x00000000eb4b0000, 0x00000000ed8f0000, 0x0000000100000000)
  eden space 31872K, 0% used [0x00000000eb4b0000,0x00000000eb4b0000,0x00000000ed3d0000)
  from space 2624K, 99% used [0x00000000ed660000,0x00000000ed8eddf0,0x00000000ed8f0000)
  to   space 2624K, 0% used [0x00000000ed3d0000,0x00000000ed3d0000,0x00000000ed660000)
 ParOldGen       total 42432K, used 22883K [0x00000000c1e00000, 0x00000000c4770000, 0x00000000eb4b0000)
  object space 42432K, 53% used [0x00000000c1e00000,0x00000000c3458fa0,0x00000000c4770000)
 PSPermGen       total 21248K, used 9987K [0x00000000bcc00000, 0x00000000be0c0000, 0x00000000c1e00000)
  object space 21248K, 47% used [0x00000000bcc00000,0x00000000bd5c0eb8,0x00000000be0c0000)
}
Event: 0.976 GC heap before
{Heap before GC invocations=3 (full 1):
 PSYoungGen      total 34496K, used 2615K [0x00000000eb4b0000, 0x00000000ed8f0000, 0x0000000100000000)
  eden space 31872K, 0% used [0x00000000eb4b0000,0x00000000eb4b0000,0x00000000ed3d0000)
  from space 2624K, 99% used [0x00000000ed660000,0x00000000ed8eddf0,0x00000000ed8f0000)
  to   space 2624K, 0% used [0x00000000ed3d0000,0x00000000ed3d0000,0x00000000ed660000)
 ParOldGen       total 42432K, used 22883K [0x00000000c1e00000, 0x00000000c4770000, 0x00000000eb4b0000)
  object space 42432K, 53% used [0x00000000c1e00000,0x00000000c3458fa0,0x00000000c4770000)
 PSPermGen       total 21248K, used 9987K [0x00000000bcc00000, 0x00000000be0c0000, 0x00000000c1e00000)
  object space 21248K, 47% used [0x00000000bcc00000,0x00000000bd5c0eb8,0x00000000be0c0000)
Event: 1.000 GC heap after
Heap after GC invocations=3 (full 1):
 PSYoungGen      total 34496K, used 0K [0x00000000eb4b0000, 0x00000000ed8f0000, 0x0000000100000000)
  eden space 31872K, 0% used [0x00000000eb4b0000,0x00000000eb4b0000,0x00000000ed3d0000)
  from space 2624K, 0% used [0x00000000ed660000,0x00000000ed660000,0x00000000ed8f0000)
  to   space 2624K, 0% used [0x00000000ed3d0000,0x00000000ed3d0000,0x00000000ed660000)
 ParOldGen       total 63040K, used 11415K [0x00000000c1e00000, 0x00000000c5b90000, 0x00000000eb4b0000)
  object space 63040K, 18% used [0x00000000c1e00000,0x00000000c2925eb0,0x00000000c5b90000)
 PSPermGen       total 21248K, used 9984K [0x00000000bcc00000, 0x00000000be0c0000, 0x00000000c1e00000)
  object space 21248K, 46% used [0x00000000bcc00000,0x00000000bd5c0088,0x00000000be0c0000)
}
Event: 1.420 GC heap before
{Heap before GC invocations=4 (full 1):
 PSYoungGen      total 34496K, used 31872K [0x00000000eb4b0000, 0x00000000ed8f0000, 0x0000000100000000)
  eden space 31872K, 100% used [0x00000000eb4b0000,0x00000000ed3d0000,0x00000000ed3d0000)
  from space 2624K, 0% used [0x00000000ed660000,0x00000000ed660000,0x00000000ed8f0000)
  to   space 2624K, 0% used [0x00000000ed3d0000,0x00000000ed3d0000,0x00000000ed660000)
 ParOldGen       total 63040K, used 11415K [0x00000000c1e00000, 0x00000000c5b90000, 0x00000000eb4b0000)
  object space 63040K, 18% used [0x00000000c1e00000,0x00000000c2925eb0,0x00000000c5b90000)
 PSPermGen       total 21248K, used 10027K [0x00000000bcc00000, 0x00000000be0c0000, 0x00000000c1e00000)
  object space 21248K, 47% used [0x00000000bcc00000,0x00000000bd5caf78,0x00000000be0c0000)
Event: 1.424 GC heap after
Heap after GC invocations=4 (full 1):
 PSYoungGen      total 34496K, used 160K [0x00000000eb4b0000, 0x00000000ee470000, 0x0000000100000000)
  eden space 31872K, 0% used [0x00000000eb4b0000,0x00000000eb4b0000,0x00000000ed3d0000)
  from space 2624K, 6% used [0x00000000ed3d0000,0x00000000ed3f8000,0x00000000ed660000)
  to   space 2624K, 0% used [0x00000000ee1e0000,0x00000000ee1e0000,0x00000000ee470000)
 ParOldGen       total 63040K, used 29640K [0x00000000c1e00000, 0x00000000c5b90000, 0x00000000eb4b0000)
  object space 63040K, 47% used [0x00000000c1e00000,0x00000000c3af22e0,0x00000000c5b90000)
 PSPermGen       total 21248K, used 10027K [0x00000000bcc00000, 0x00000000be0c0000, 0x00000000c1e00000)
  object space 21248K, 47% used [0x00000000bcc00000,0x00000000bd5caf78,0x00000000be0c0000)
}
Event: 1.910 GC heap before
{Heap before GC invocations=5 (full 1):
 PSYoungGen      total 34496K, used 32032K [0x00000000eb4b0000, 0x00000000ee470000, 0x0000000100000000)
  eden space 31872K, 100% used [0x00000000eb4b0000,0x00000000ed3d0000,0x00000000ed3d0000)
  from space 2624K, 6% used [0x00000000ed3d0000,0x00000000ed3f8000,0x00000000ed660000)
  to   space 2624K, 0% used [0x00000000ee1e0000,0x00000000ee1e0000,0x00000000ee470000)
 ParOldGen       total 63040K, used 29640K [0x00000000c1e00000, 0x00000000c5b90000, 0x00000000eb4b0000)
  object space 63040K, 47% used [0x00000000c1e00000,0x00000000c3af22e0,0x00000000c5b90000)
 PSPermGen       total 21248K, used 10027K [0x00000000bcc00000, 0x00000000be0c0000, 0x00000000c1e00000)
  object space 21248K, 47% used [0x00000000bcc00000,0x00000000bd5caf78,0x00000000be0c0000)
Event: 1.911 GC heap after
Heap after GC invocations=5 (full 1):
 PSYoungGen      total 42432K, used 96K [0x00000000eb4b0000, 0x00000000ee290000, 0x0000000100000000)
  eden space 41728K, 0% used [0x00000000eb4b0000,0x00000000eb4b0000,0x00000000edd70000)
  from space 704K, 13% used [0x00000000ee1e0000,0x00000000ee1f8000,0x00000000ee290000)
  to   space 2624K, 0% used [0x00000000edd70000,0x00000000edd70000,0x00000000ee000000)
 ParOldGen       total 63040K, used 29640K [0x00000000c1e00000, 0x00000000c5b90000, 0x00000000eb4b0000)
  object space 63040K, 47% used [0x00000000c1e00000,0x00000000c3af22e0,0x00000000c5b90000)
 PSPermGen       total 21248K, used 10027K [0x00000000bcc00000, 0x00000000be0c0000, 0x00000000c1e00000)
  object space 21248K, 47% used [0x00000000bcc00000,0x00000000bd5caf78,0x00000000be0c0000)
}

