# JRE version: 7.0_25-b17
# Java VM: Java HotSpot(TM) 64-Bit Server VM (23.25-b01 mixed mode windows-amd64 compressed oops)
Heap
 PSYoungGen      total 18560K, used 7318K [0x00000000eb4b0000, 0x00000000ed1a0000, 0x0000000100000000)
  eden space 15936K, 34% used [0x00000000eb4b0000,0x00000000eba0b588,0x00000000ec440000)
  from space 2624K, 69% used [0x00000000ec440000,0x00000000ec60a278,0x00000000ec6d0000)
  to   space 2624K, 0% used [0x00000000ecf10000,0x00000000ecf10000,0x00000000ed1a0000)
 ParOldGen       total 60928K, used 21343K [0x00000000c1e00000, 0x00000000c5980000, 0x00000000eb4b0000)
  object space 60928K, 35% used [0x00000000c1e00000,0x00000000c32d7f90,0x00000000c5980000)
 PSPermGen       total 21248K, used 12465K [0x00000000bcc00000, 0x00000000be0c0000, 0x00000000c1e00000)
  object space 21248K, 58% used [0x00000000bcc00000,0x00000000bd82c670,0x00000000be0c0000)
GC Heap History (8 events):
Event: 0.910 GC heap before
{Heap before GC invocations=1 (full 0):
 PSYoungGen      total 18560K, used 15936K [0x00000000eb4b0000, 0x00000000ec960000, 0x0000000100000000)
  eden space 15936K, 100% used [0x00000000eb4b0000,0x00000000ec440000,0x00000000ec440000)
  from space 2624K, 0% used [0x00000000ec6d0000,0x00000000ec6d0000,0x00000000ec960000)
  to   space 2624K, 0% used [0x00000000ec440000,0x00000000ec440000,0x00000000ec6d0000)
 ParOldGen       total 42432K, used 0K [0x00000000c1e00000, 0x00000000c4770000, 0x00000000eb4b0000)
  object space 42432K, 0% used [0x00000000c1e00000,0x00000000c1e00000,0x00000000c4770000)
 PSPermGen       total 21248K, used 9798K [0x00000000bcc00000, 0x00000000be0c0000, 0x00000000c1e00000)
  object space 21248K, 46% used [0x00000000bcc00000,0x00000000bd591b20,0x00000000be0c0000)
Event: 0.918 GC heap after
Heap after GC invocations=1 (full 0):
 PSYoungGen      total 18560K, used 2605K [0x00000000eb4b0000, 0x00000000ec960000, 0x0000000100000000)
  eden space 15936K, 0% used [0x00000000eb4b0000,0x00000000eb4b0000,0x00000000ec440000)
  from space 2624K, 99% used [0x00000000ec440000,0x00000000ec6cb408,0x00000000ec6d0000)
  to   space 2624K, 0% used [0x00000000ec6d0000,0x00000000ec6d0000,0x00000000ec960000)
 ParOldGen       total 42432K, used 21119K [0x00000000c1e00000, 0x00000000c4770000, 0x00000000eb4b0000)
  object space 42432K, 49% used [0x00000000c1e00000,0x00000000c329ffc0,0x00000000c4770000)
 PSPermGen       total 21248K, used 9798K [0x00000000bcc00000, 0x00000000be0c0000, 0x00000000c1e00000)
  object space 21248K, 46% used [0x00000000bcc00000,0x00000000bd591b20,0x00000000be0c0000)
}
Event: 1.053 GC heap before
{Heap before GC invocations=2 (full 0):
 PSYoungGen      total 18560K, used 18541K [0x00000000eb4b0000, 0x00000000ec960000, 0x0000000100000000)
  eden space 15936K, 100% used [0x00000000eb4b0000,0x00000000ec440000,0x00000000ec440000)
  from space 2624K, 99% used [0x00000000ec440000,0x00000000ec6cb408,0x00000000ec6d0000)
  to   space 2624K, 0% used [0x00000000ec6d0000,0x00000000ec6d0000,0x00000000ec960000)
 ParOldGen       total 42432K, used 21119K [0x00000000c1e00000, 0x00000000c4770000, 0x00000000eb4b0000)
  object space 42432K, 49% used [0x00000000c1e00000,0x00000000c329ffc0,0x00000000c4770000)
 PSPermGen       total 21248K, used 9947K [0x00000000bcc00000, 0x00000000be0c0000, 0x00000000c1e00000)
  object space 21248K, 46% used [0x00000000bcc00000,0x00000000bd5b6d60,0x00000000be0c0000)
Event: 1.061 GC heap after
Heap after GC invocations=2 (full 0):
 PSYoungGen      total 18560K, used 2623K [0x00000000eb4b0000, 0x00000000ed8f0000, 0x0000000100000000)
  eden space 15936K, 0% used [0x00000000eb4b0000,0x00000000eb4b0000,0x00000000ec440000)
  from space 2624K, 99% used [0x00000000ec6d0000,0x00000000ec95fc40,0x00000000ec960000)
  to   space 2624K, 0% used [0x00000000ec440000,0x00000000ec440000,0x00000000ec6d0000)
 ParOldGen       total 42432K, used 42278K [0x00000000c1e00000, 0x00000000c4770000, 0x00000000eb4b0000)
  object space 42432K, 99% used [0x00000000c1e00000,0x00000000c4749b20,0x00000000c4770000)
 PSPermGen       total 21248K, used 9947K [0x00000000bcc00000, 0x00000000be0c0000, 0x00000000c1e00000)
  object space 21248K, 46% used [0x00000000bcc00000,0x00000000bd5b6d60,0x00000000be0c0000)
}
Event: 1.061 GC heap before
{Heap before GC invocations=3 (full 1):
 PSYoungGen      total 18560K, used 2623K [0x00000000eb4b0000, 0x00000000ed8f0000, 0x0000000100000000)
  eden space 15936K, 0% used [0x00000000eb4b0000,0x00000000eb4b0000,0x00000000ec440000)
  from space 2624K, 99% used [0x00000000ec6d0000,0x00000000ec95fc40,0x00000000ec960000)
  to   space 2624K, 0% used [0x00000000ec440000,0x00000000ec440000,0x00000000ec6d0000)
 ParOldGen       total 42432K, used 42278K [0x00000000c1e00000, 0x00000000c4770000, 0x00000000eb4b0000)
  object space 42432K, 99% used [0x00000000c1e00000,0x00000000c4749b20,0x00000000c4770000)
 PSPermGen       total 21248K, used 9947K [0x00000000bcc00000, 0x00000000be0c0000, 0x00000000c1e00000)
  object space 21248K, 46% used [0x00000000bcc00000,0x00000000bd5b6d60,0x00000000be0c0000)
Event: 1.082 GC heap after
Heap after GC invocations=3 (full 1):
 PSYoungGen      total 18560K, used 0K [0x00000000eb4b0000, 0x00000000ed8f0000, 0x0000000100000000)
  eden space 15936K, 0% used [0x00000000eb4b0000,0x00000000eb4b0000,0x00000000ec440000)
  from space 2624K, 0% used [0x00000000ec6d0000,0x00000000ec6d0000,0x00000000ec960000)
  to   space 2624K, 0% used [0x00000000ec440000,0x00000000ec440000,0x00000000ec6d0000)
 ParOldGen       total 60928K, used 17743K [0x00000000c1e00000, 0x00000000c5980000, 0x00000000eb4b0000)
  object space 60928K, 29% used [0x00000000c1e00000,0x00000000c2f53f80,0x00000000c5980000)
 PSPermGen       total 21248K, used 9943K [0x00000000bcc00000, 0x00000000be0c0000, 0x00000000c1e00000)
  object space 21248K, 46% used [0x00000000bcc00000,0x00000000bd5b5f30,0x00000000be0c0000)
}
Event: 6.820 GC heap before
{Heap before GC invocations=4 (full 1):
 PSYoungGen      total 18560K, used 15871K [0x00000000eb4b0000, 0x00000000ed8f0000, 0x0000000100000000)
  eden space 15936K, 99% used [0x00000000eb4b0000,0x00000000ec42fd60,0x00000000ec440000)
  from space 2624K, 0% used [0x00000000ec6d0000,0x00000000ec6d0000,0x00000000ec960000)
  to   space 2624K, 0% used [0x00000000ec440000,0x00000000ec440000,0x00000000ec6d0000)
 ParOldGen       total 60928K, used 17743K [0x00000000c1e00000, 0x00000000c5980000, 0x00000000eb4b0000)
  object space 60928K, 29% used [0x00000000c1e00000,0x00000000c2f53f80,0x00000000c5980000)
 PSPermGen       total 21248K, used 12402K [0x00000000bcc00000, 0x00000000be0c0000, 0x00000000c1e00000)
  object space 21248K, 58% used [0x00000000bcc00000,0x00000000bd81cbe8,0x00000000be0c0000)
Event: 6.823 GC heap after
Heap after GC invocations=4 (full 1):
 PSYoungGen      total 18560K, used 1832K [0x00000000eb4b0000, 0x00000000ed1a0000, 0x0000000100000000)
  eden space 15936K, 0% used [0x00000000eb4b0000,0x00000000eb4b0000,0x00000000ec440000)
  from space 2624K, 69% used [0x00000000ec440000,0x00000000ec60a278,0x00000000ec6d0000)
  to   space 2624K, 0% used [0x00000000ecf10000,0x00000000ecf10000,0x00000000ed1a0000)
 ParOldGen       total 60928K, used 21343K [0x00000000c1e00000, 0x00000000c5980000, 0x00000000eb4b0000)
  object space 60928K, 35% used [0x00000000c1e00000,0x00000000c32d7f90,0x00000000c5980000)
 PSPermGen       total 21248K, used 12402K [0x00000000bcc00000, 0x00000000be0c0000, 0x00000000c1e00000)
  object space 21248K, 58% used [0x00000000bcc00000,0x00000000bd81cbe8,0x00000000be0c0000)
}

